Using pre-set license
Built from '2020.3/staging' branch; Version is '2020.3.18f1 (a7d1c678663c) revision 10998214'; Using compiler version '192528614'; Build Type 'Release'
OS: 'Windows 10 Home; OS build 19044.1889; Version 2009; 64bit' Language: 'en' Physical Memory: 8030 MB
BatchMode: 1, IsHumanControllingUs: 0, StartBugReporterOnCrash: 0, Is64bit: 1, IsPro: 0

COMMAND LINE ARGUMENTS:
C:\Program Files\2020.3.18f1\Editor\Unity.exe
-adb2
-batchMode
-noUpm
-name
AssetImportWorker0
-projectPath
C:/Users/Spy/Desktop/Spookygame/SpookyGame/SpookyGame
-logFile
Logs/AssetImportWorker0.log
-srvPort
51478
Successfully changed project path to: C:/Users/Spy/Desktop/Spookygame/SpookyGame/SpookyGame
C:/Users/Spy/Desktop/Spookygame/SpookyGame/SpookyGame
Using Asset Import Pipeline V2.
Refreshing native plugins compatible for Editor in 72.32 ms, found 2 plugins.
Preloading 0 native plugins for Editor in 0.00 ms.
Initialize engine version: 2020.3.18f1 (a7d1c678663c)
[Subsystems] Discovering subsystems at path C:/Program Files/2020.3.18f1/Editor/Data/Resources/UnitySubsystems
[Subsystems] Discovering subsystems at path C:/Users/Spy/Desktop/Spookygame/SpookyGame/SpookyGame/Assets
GfxDevice: creating device client; threaded=0
Direct3D:
    Version:  Direct3D 11.0 [level 11.0]
    Renderer: NVIDIA GeForce GTX 950M (ID=0x139a)
    Vendor:   
    VRAM:     4055 MB
    Driver:   30.0.14.7111
Initialize mono
Mono path[0] = 'C:/Program Files/2020.3.18f1/Editor/Data/Managed'
Mono path[1] = 'C:/Program Files/2020.3.18f1/Editor/Data/MonoBleedingEdge/lib/mono/unityjit'
Mono config path = 'C:/Program Files/2020.3.18f1/Editor/Data/MonoBleedingEdge/etc'
Using monoOptions --debugger-agent=transport=dt_socket,embedding=1,server=y,suspend=n,address=127.0.0.1:56120
Begin MonoManager ReloadAssembly
Registering precompiled unity dll's ...
Register platform support module: C:/Program Files/2020.3.18f1/Editor/Data/PlaybackEngines/WindowsStandaloneSupport/UnityEditor.WindowsStandalone.Extensions.dll
Registered in 0.003875 seconds.
Native extension for WindowsStandalone target not found
Refreshing native plugins compatible for Editor in 66.79 ms, found 2 plugins.
Preloading 0 native plugins for Editor in 0.00 ms.
Mono: successfully reloaded assembly
- Completed reload, in  4.264 seconds
Domain Reload Profiling:
	ReloadAssembly (4265ms)
		BeginReloadAssembly (96ms)
			ExecutionOrderSort (0ms)
			DisableScriptedObjects (0ms)
			BackupInstance (0ms)
			ReleaseScriptingObjects (0ms)
			CreateAndSetChildDomain (1ms)
		EndReloadAssembly (793ms)
			LoadAssemblies (91ms)
			RebuildTransferFunctionScriptingTraits (0ms)
			SetupTypeCache (282ms)
			ReleaseScriptCaches (0ms)
			RebuildScriptCaches (65ms)
			SetupLoadedEditorAssemblies (320ms)
				LogAssemblyErrors (0ms)
				InitializePlatformSupportModulesInManaged (6ms)
				SetLoadedEditorAssemblies (1ms)
				RefreshPlugins (67ms)
				BeforeProcessingInitializeOnLoad (25ms)
				ProcessInitializeOnLoadAttributes (151ms)
				ProcessInitializeOnLoadMethodAttributes (69ms)
				AfterProcessingInitializeOnLoad (0ms)
				EditorAssembliesLoaded (0ms)
			ExecutionOrderSort2 (0ms)
			AwakeInstancesAfterBackupRestoration (0ms)
Platform modules already initialized, skipping
Registering precompiled user dll's ...
Registered in 0.005650 seconds.
Begin MonoManager ReloadAssembly
Native extension for WindowsStandalone target not found
Refreshing native plugins compatible for Editor in 1.52 ms, found 2 plugins.
Preloading 0 native plugins for Editor in 0.00 ms.
Mono: successfully reloaded assembly
- Completed reload, in  1.608 seconds
Domain Reload Profiling:
	ReloadAssembly (1609ms)
		BeginReloadAssembly (233ms)
			ExecutionOrderSort (0ms)
			DisableScriptedObjects (7ms)
			BackupInstance (0ms)
			ReleaseScriptingObjects (0ms)
			CreateAndSetChildDomain (38ms)
		EndReloadAssembly (1274ms)
			LoadAssemblies (153ms)
			RebuildTransferFunctionScriptingTraits (0ms)
			SetupTypeCache (407ms)
			ReleaseScriptCaches (0ms)
			RebuildScriptCaches (77ms)
			SetupLoadedEditorAssemblies (497ms)
				LogAssemblyErrors (0ms)
				InitializePlatformSupportModulesInManaged (8ms)
				SetLoadedEditorAssemblies (1ms)
				RefreshPlugins (2ms)
				BeforeProcessingInitializeOnLoad (130ms)
				ProcessInitializeOnLoadAttributes (339ms)
				ProcessInitializeOnLoadMethodAttributes (7ms)
				AfterProcessingInitializeOnLoad (11ms)
				EditorAssembliesLoaded (0ms)
			ExecutionOrderSort2 (0ms)
			AwakeInstancesAfterBackupRestoration (10ms)
Platform modules already initialized, skipping
========================================================================
Worker process is ready to serve import requests
Launched and connected shader compiler UnityShaderCompiler.exe after 0.09 seconds
Refreshing native plugins compatible for Editor in 0.62 ms, found 2 plugins.
Preloading 0 native plugins for Editor in 0.00 ms.
Unloading 1669 Unused Serialized files (Serialized files now loaded: 0)
System memory in use before: 95.8 MB.
System memory in use after: 95.9 MB.

Unloading 15 unused Assets to reduce memory usage. Loaded Objects now: 2125.
Total: 5.563700 ms (FindLiveObjects: 0.189900 ms CreateObjectMapping: 0.077400 ms MarkObjects: 5.244000 ms  DeleteObjects: 0.049600 ms)

AssetImportParameters requested are different than current active one (requested -> active):
  custom:framework-win-MediaFoundation: 216162199b28c13a410421893ffa2e32 -> 
  custom:video-decoder-ogg-theora: a1e56fd34408186e4bbccfd4996cb3dc -> 
  custom:container-muxer-webm: aa71ff27fc2769a1b78a27578f13a17b -> 
  custom:container-demuxer-webm: 4f35f7cbe854078d1ac9338744f61a02 -> 
  custom:container-demuxer-ogg: 62fdf1f143b41e24485cea50d1cbac27 -> 
  custom:video-encoder-webm-vp8: eb34c28f22e8b96e1ab97ce403110664 -> 
  custom:video-decoder-webm-vp8: 9c59270c3fd7afecdb556c50c9e8de78 -> 
  custom:audio-decoder-ogg-vorbis: bf7c407c2cedff20999df2af8eb42d56 -> 
  custom:audio-encoder-webm-vorbis: bf7c407c2cedff20999df2af8eb42d56 -> 
========================================================================
Received Import Request.
  path: Assets/Scenes/Menu.unity
  artifactKey: Guid(57a4ca961d1ecea4386e4db13e4f0402) Importer(815301076,1909f56bfc062723c751e8b465ee728b)
Start importing Assets/Scenes/Menu.unity using Guid(57a4ca961d1ecea4386e4db13e4f0402) Importer(815301076,1909f56bfc062723c751e8b465ee728b)  -> (artifact id: 'cbd82bf2f785d8176d4b76ee53e75e05') in 0.035754 seconds 
  Import took 0.046659 seconds .

========================================================================
Received Import Request.
  Time since last request: 220.923158 seconds.
  path: Assets/Computer/UI/Buttons/Check.png
  artifactKey: Guid(81d9135a244b353449d759205e71d1a8) Importer(815301076,1909f56bfc062723c751e8b465ee728b)
Start importing Assets/Computer/UI/Buttons/Check.png using Guid(81d9135a244b353449d759205e71d1a8) Importer(815301076,1909f56bfc062723c751e8b465ee728b)  -> (artifact id: '2b59c1edd2e72aea543f4a9d519e2180') in 0.444543 seconds 
  Import took 0.456885 seconds .

========================================================================
Received Import Request.
  Time since last request: 0.000320 seconds.
  path: Assets/Computer/UI/Buttons/X.png
  artifactKey: Guid(ed307ab695dfb2e438ba208cb987681b) Importer(815301076,1909f56bfc062723c751e8b465ee728b)
Start importing Assets/Computer/UI/Buttons/X.png using Guid(ed307ab695dfb2e438ba208cb987681b) Importer(815301076,1909f56bfc062723c751e8b465ee728b)  -> (artifact id: '2042bf74fdaf7793e6203824bee6d718') in 0.033616 seconds 
  Import took 0.043795 seconds .

========================================================================
Received Import Request.
  Time since last request: 0.000550 seconds.
  path: Assets/Computer/UI/Buttons/Exit.png
  artifactKey: Guid(d89ca583fb0c9284a829159e7dae46ec) Importer(815301076,1909f56bfc062723c751e8b465ee728b)
Start importing Assets/Computer/UI/Buttons/Exit.png using Guid(d89ca583fb0c9284a829159e7dae46ec) Importer(815301076,1909f56bfc062723c751e8b465ee728b)  -> (artifact id: 'a4c2ad696b66f3327ae6d39dba861985') in 0.043498 seconds 
  Import took 0.054549 seconds .

========================================================================
Received Import Request.
  Time since last request: 0.000262 seconds.
  path: Assets/Computer/UI/Buttons/retry.png
  artifactKey: Guid(e19ec7a6cbbfe5d41a9b1106dc01ecd4) Importer(815301076,1909f56bfc062723c751e8b465ee728b)
Start importing Assets/Computer/UI/Buttons/retry.png using Guid(e19ec7a6cbbfe5d41a9b1106dc01ecd4) Importer(815301076,1909f56bfc062723c751e8b465ee728b)  -> (artifact id: 'b848c44daea3e5d6c3f782488d565c7d') in 0.047263 seconds 
  Import took 0.056501 seconds .

========================================================================
Received Import Request.
  Time since last request: 0.000315 seconds.
  path: Assets/Computer/UI/Buttons/Exit.png
  artifactKey: Guid(d89ca583fb0c9284a829159e7dae46ec) Importer(815301076,1909f56bfc062723c751e8b465ee728b)
Start importing Assets/Computer/UI/Buttons/Exit.png using Guid(d89ca583fb0c9284a829159e7dae46ec) Importer(815301076,1909f56bfc062723c751e8b465ee728b)  -> (artifact id: 'a4c2ad696b66f3327ae6d39dba861985') in 0.032238 seconds 
  Import took 0.037588 seconds .

========================================================================
Received Import Request.
  Time since last request: 1.315407 seconds.
  path: Assets/Menu/Notes
  artifactKey: Guid(6a432b98ad45a084d950aa83bd853acc) Importer(815301076,1909f56bfc062723c751e8b465ee728b)
Start importing Assets/Menu/Notes using Guid(6a432b98ad45a084d950aa83bd853acc) Importer(815301076,1909f56bfc062723c751e8b465ee728b)  -> (artifact id: '7465e31f2f0f83f28ce97fa5ee6d1e62') in 0.013094 seconds 
  Import took 0.021395 seconds .

========================================================================
Received Import Request.
  Time since last request: 0.057852 seconds.
  path: Assets/Menu/Notes/Notebookicon.png
  artifactKey: Guid(659d1ed5d6161ca42b723cbcd7a30c25) Importer(815301076,1909f56bfc062723c751e8b465ee728b)
Start importing Assets/Menu/Notes/Notebookicon.png using Guid(659d1ed5d6161ca42b723cbcd7a30c25) Importer(815301076,1909f56bfc062723c751e8b465ee728b)  -> (artifact id: '644208e1b88252d019214029fd3e53ba') in 0.021452 seconds 
  Import took 0.029948 seconds .

========================================================================
Received Import Request.
  Time since last request: 32.221710 seconds.
  path: Assets/Menu/Notes/Notebookicon.png
  artifactKey: Guid(659d1ed5d6161ca42b723cbcd7a30c25) Importer(815301076,1909f56bfc062723c751e8b465ee728b)
Start importing Assets/Menu/Notes/Notebookicon.png using Guid(659d1ed5d6161ca42b723cbcd7a30c25) Importer(815301076,1909f56bfc062723c751e8b465ee728b)  -> (artifact id: 'a476ffaa9923b1f507514d103b7a2f1c') in 0.028336 seconds 
  Import took 0.038921 seconds .

========================================================================
Received Import Request.
  Time since last request: 7.304763 seconds.
  path: Assets/Menu/Notes/Notebookicon.png
  artifactKey: Guid(659d1ed5d6161ca42b723cbcd7a30c25) Importer(815301076,1909f56bfc062723c751e8b465ee728b)
Start importing Assets/Menu/Notes/Notebookicon.png using Guid(659d1ed5d6161ca42b723cbcd7a30c25) Importer(815301076,1909f56bfc062723c751e8b465ee728b)  -> (artifact id: 'cf91b2737a593ebb183d3b150ba29926') in 0.034168 seconds 
  Import took 0.040589 seconds .

AssetImportWorkerClient::OnTransportError - code=2 error=End of file
