Using pre-set license
Built from '2020.3/staging' branch; Version is '2020.3.18f1 (a7d1c678663c) revision 10998214'; Using compiler version '192528614'; Build Type 'Release'
OS: 'Windows 10 Home; OS build 19043.1348; Version 2009; 64bit' Language: 'en' Physical Memory: 16204 MB
BatchMode: 1, IsHumanControllingUs: 0, StartBugReporterOnCrash: 0, Is64bit: 1, IsPro: 0

COMMAND LINE ARGUMENTS:
C:\Program Files\Unity\Hub\Editor\2020.3.18f1\Editor\Unity.exe
-adb2
-batchMode
-noUpm
-name
AssetImportWorker0
-projectPath
C:/Users/sereb/Desktop/Live Project/3D GEJM/Spookygame/SpookyGame/SpookyGame
-logFile
Logs/AssetImportWorker0.log
-srvPort
63648
Successfully changed project path to: C:/Users/sereb/Desktop/Live Project/3D GEJM/Spookygame/SpookyGame/SpookyGame
C:/Users/sereb/Desktop/Live Project/3D GEJM/Spookygame/SpookyGame/SpookyGame
Using Asset Import Pipeline V2.
Refreshing native plugins compatible for Editor in 56.54 ms, found 2 plugins.
Preloading 0 native plugins for Editor in 0.00 ms.
Initialize engine version: 2020.3.18f1 (a7d1c678663c)
[Subsystems] Discovering subsystems at path C:/Program Files/Unity/Hub/Editor/2020.3.18f1/Editor/Data/Resources/UnitySubsystems
[Subsystems] Discovering subsystems at path C:/Users/sereb/Desktop/Live Project/3D GEJM/Spookygame/SpookyGame/SpookyGame/Assets
GfxDevice: creating device client; threaded=0
Direct3D:
    Version:  Direct3D 11.0 [level 11.1]
    Renderer: NVIDIA GeForce RTX 2060 (ID=0x1f15)
    Vendor:   
    VRAM:     5980 MB
    Driver:   27.21.14.5709
Initialize mono
Mono path[0] = 'C:/Program Files/Unity/Hub/Editor/2020.3.18f1/Editor/Data/Managed'
Mono path[1] = 'C:/Program Files/Unity/Hub/Editor/2020.3.18f1/Editor/Data/MonoBleedingEdge/lib/mono/unityjit'
Mono config path = 'C:/Program Files/Unity/Hub/Editor/2020.3.18f1/Editor/Data/MonoBleedingEdge/etc'
Using monoOptions --debugger-agent=transport=dt_socket,embedding=1,server=y,suspend=n,address=127.0.0.1:56548
Begin MonoManager ReloadAssembly
Registering precompiled unity dll's ...
Register platform support module: C:/Program Files/Unity/Hub/Editor/2020.3.18f1/Editor/Data/PlaybackEngines/WebGLSupport/UnityEditor.WebGL.Extensions.dll
Register platform support module: C:/Program Files/Unity/Hub/Editor/2020.3.18f1/Editor/Data/PlaybackEngines/WindowsStandaloneSupport/UnityEditor.WindowsStandalone.Extensions.dll
Registered in 0.003737 seconds.
Native extension for WindowsStandalone target not found
Native extension for WebGL target not found
Refreshing native plugins compatible for Editor in 61.54 ms, found 2 plugins.
Preloading 0 native plugins for Editor in 0.00 ms.
Mono: successfully reloaded assembly
- Completed reload, in  1.870 seconds
Domain Reload Profiling:
	ReloadAssembly (1871ms)
		BeginReloadAssembly (84ms)
			ExecutionOrderSort (0ms)
			DisableScriptedObjects (0ms)
			BackupInstance (0ms)
			ReleaseScriptingObjects (0ms)
			CreateAndSetChildDomain (1ms)
		EndReloadAssembly (652ms)
			LoadAssemblies (82ms)
			RebuildTransferFunctionScriptingTraits (0ms)
			SetupTypeCache (236ms)
			ReleaseScriptCaches (0ms)
			RebuildScriptCaches (46ms)
			SetupLoadedEditorAssemblies (261ms)
				LogAssemblyErrors (0ms)
				InitializePlatformSupportModulesInManaged (7ms)
				SetLoadedEditorAssemblies (0ms)
				RefreshPlugins (62ms)
				BeforeProcessingInitializeOnLoad (26ms)
				ProcessInitializeOnLoadAttributes (124ms)
				ProcessInitializeOnLoadMethodAttributes (42ms)
				AfterProcessingInitializeOnLoad (0ms)
				EditorAssembliesLoaded (0ms)
			ExecutionOrderSort2 (0ms)
			AwakeInstancesAfterBackupRestoration (0ms)
Platform modules already initialized, skipping
Registering precompiled user dll's ...
Registered in 0.007319 seconds.
Begin MonoManager ReloadAssembly
Native extension for WindowsStandalone target not found
Native extension for WebGL target not found
Refreshing native plugins compatible for Editor in 0.50 ms, found 2 plugins.
Preloading 0 native plugins for Editor in 0.00 ms.
Mono: successfully reloaded assembly
- Completed reload, in  1.814 seconds
Domain Reload Profiling:
	ReloadAssembly (1816ms)
		BeginReloadAssembly (248ms)
			ExecutionOrderSort (0ms)
			DisableScriptedObjects (7ms)
			BackupInstance (0ms)
			ReleaseScriptingObjects (0ms)
			CreateAndSetChildDomain (28ms)
		EndReloadAssembly (1459ms)
			LoadAssemblies (147ms)
			RebuildTransferFunctionScriptingTraits (0ms)
			SetupTypeCache (604ms)
			ReleaseScriptCaches (1ms)
			RebuildScriptCaches (78ms)
			SetupLoadedEditorAssemblies (466ms)
				LogAssemblyErrors (0ms)
				InitializePlatformSupportModulesInManaged (9ms)
				SetLoadedEditorAssemblies (1ms)
				RefreshPlugins (1ms)
				BeforeProcessingInitializeOnLoad (121ms)
				ProcessInitializeOnLoadAttributes (318ms)
				ProcessInitializeOnLoadMethodAttributes (6ms)
				AfterProcessingInitializeOnLoad (11ms)
				EditorAssembliesLoaded (0ms)
			ExecutionOrderSort2 (0ms)
			AwakeInstancesAfterBackupRestoration (10ms)
Platform modules already initialized, skipping
========================================================================
Worker process is ready to serve import requests
Launched and connected shader compiler UnityShaderCompiler.exe after 0.07 seconds
Refreshing native plugins compatible for Editor in 0.48 ms, found 2 plugins.
Preloading 0 native plugins for Editor in 0.00 ms.
Unloading 1569 Unused Serialized files (Serialized files now loaded: 0)
System memory in use before: 79.7 MB.
System memory in use after: 79.8 MB.

Unloading 15 unused Assets to reduce memory usage. Loaded Objects now: 2011.
Total: 3.717500 ms (FindLiveObjects: 0.211100 ms CreateObjectMapping: 0.080200 ms MarkObjects: 3.392600 ms  DeleteObjects: 0.032100 ms)

AssetImportParameters requested are different than current active one (requested -> active):
  custom:framework-win-MediaFoundation: 216162199b28c13a410421893ffa2e32 -> 
  custom:video-decoder-ogg-theora: a1e56fd34408186e4bbccfd4996cb3dc -> 
  custom:container-muxer-webm: aa71ff27fc2769a1b78a27578f13a17b -> 
  custom:container-demuxer-webm: 4f35f7cbe854078d1ac9338744f61a02 -> 
  custom:container-demuxer-ogg: 62fdf1f143b41e24485cea50d1cbac27 -> 
  custom:video-encoder-webm-vp8: eb34c28f22e8b96e1ab97ce403110664 -> 
  custom:video-decoder-webm-vp8: 9c59270c3fd7afecdb556c50c9e8de78 -> 
  custom:audio-decoder-ogg-vorbis: bf7c407c2cedff20999df2af8eb42d56 -> 
  custom:audio-encoder-webm-vorbis: bf7c407c2cedff20999df2af8eb42d56 -> 
========================================================================
Received Import Request.
  path: Assets/Player/Player.prefab
  artifactKey: Guid(8490cad4666601643864c57297479765) Importer(815301076,1909f56bfc062723c751e8b465ee728b)
Start importing Assets/Player/Player.prefab using Guid(8490cad4666601643864c57297479765) Importer(815301076,1909f56bfc062723c751e8b465ee728b)  -> (artifact id: 'fc44d1fdd2cf41a745343bfe36f9e6c3') in 0.275647 seconds 
  Import took 0.281673 seconds .

========================================================================
Received Import Request.
  Time since last request: 0.000413 seconds.
  path: Assets/LoseScreens/LoseTitle.prefab
  artifactKey: Guid(e89c271a76c0d36488f180505eef8088) Importer(815301076,1909f56bfc062723c751e8b465ee728b)
Start importing Assets/LoseScreens/LoseTitle.prefab using Guid(e89c271a76c0d36488f180505eef8088) Importer(815301076,1909f56bfc062723c751e8b465ee728b)  -> (artifact id: 'bf9043311c0598ce79dd63be498a3714') in 0.052303 seconds 
  Import took 0.056175 seconds .

========================================================================
Received Import Request.
  Time since last request: 0.000479 seconds.
  path: Assets/LoseScreens/LoseScreen.prefab
  artifactKey: Guid(48da5eea42ac5154ebf1ff3520e1284d) Importer(815301076,1909f56bfc062723c751e8b465ee728b)
Start importing Assets/LoseScreens/LoseScreen.prefab using Guid(48da5eea42ac5154ebf1ff3520e1284d) Importer(815301076,1909f56bfc062723c751e8b465ee728b)  -> (artifact id: '722e057aa672004c174100c2a4139af2') in 0.060088 seconds 
  Import took 0.063838 seconds .

========================================================================
Received Prepare
Registering precompiled user dll's ...
Registered in 0.004512 seconds.
Begin MonoManager ReloadAssembly
Native extension for WindowsStandalone target not found
Native extension for WebGL target not found
Refreshing native plugins compatible for Editor in 0.58 ms, found 2 plugins.
Preloading 0 native plugins for Editor in 0.00 ms.
Mono: successfully reloaded assembly
- Completed reload, in  1.478 seconds
Domain Reload Profiling:
	ReloadAssembly (1479ms)
		BeginReloadAssembly (162ms)
			ExecutionOrderSort (0ms)
			DisableScriptedObjects (7ms)
			BackupInstance (0ms)
			ReleaseScriptingObjects (0ms)
			CreateAndSetChildDomain (42ms)
		EndReloadAssembly (1219ms)
			LoadAssemblies (133ms)
			RebuildTransferFunctionScriptingTraits (0ms)
			SetupTypeCache (442ms)
			ReleaseScriptCaches (1ms)
			RebuildScriptCaches (59ms)
			SetupLoadedEditorAssemblies (427ms)
				LogAssemblyErrors (0ms)
				InitializePlatformSupportModulesInManaged (9ms)
				SetLoadedEditorAssemblies (1ms)
				RefreshPlugins (1ms)
				BeforeProcessingInitializeOnLoad (111ms)
				ProcessInitializeOnLoadAttributes (290ms)
				ProcessInitializeOnLoadMethodAttributes (5ms)
				AfterProcessingInitializeOnLoad (10ms)
				EditorAssembliesLoaded (0ms)
			ExecutionOrderSort2 (0ms)
			AwakeInstancesAfterBackupRestoration (10ms)
Platform modules already initialized, skipping
Refreshing native plugins compatible for Editor in 0.52 ms, found 2 plugins.
Preloading 0 native plugins for Editor in 0.00 ms.
Unloading 1522 Unused Serialized files (Serialized files now loaded: 0)
System memory in use before: 92.3 MB.
System memory in use after: 92.4 MB.

Unloading 11 unused Assets to reduce memory usage. Loaded Objects now: 2021.
Total: 4.140600 ms (FindLiveObjects: 0.198800 ms CreateObjectMapping: 0.073300 ms MarkObjects: 3.843700 ms  DeleteObjects: 0.023400 ms)

AssetImportParameters requested are different than current active one (requested -> active):
  custom:framework-win-MediaFoundation: 216162199b28c13a410421893ffa2e32 -> 
  custom:video-decoder-ogg-theora: a1e56fd34408186e4bbccfd4996cb3dc -> 
  custom:container-muxer-webm: aa71ff27fc2769a1b78a27578f13a17b -> 
  custom:container-demuxer-webm: 4f35f7cbe854078d1ac9338744f61a02 -> 
  custom:container-demuxer-ogg: 62fdf1f143b41e24485cea50d1cbac27 -> 
  custom:video-encoder-webm-vp8: eb34c28f22e8b96e1ab97ce403110664 -> 
  custom:video-decoder-webm-vp8: 9c59270c3fd7afecdb556c50c9e8de78 -> 
  custom:audio-decoder-ogg-vorbis: bf7c407c2cedff20999df2af8eb42d56 -> 
  custom:audio-encoder-webm-vorbis: bf7c407c2cedff20999df2af8eb42d56 -> 
========================================================================
Received Import Request.
  Time since last request: 817.087619 seconds.
  path: Assets/Props/Clock/Clock.fbx
  artifactKey: Guid(77c88a99fe5740d45bdebcb050f094c0) Importer(815301076,1909f56bfc062723c751e8b465ee728b)
Start importing Assets/Props/Clock/Clock.fbx using Guid(77c88a99fe5740d45bdebcb050f094c0) Importer(815301076,1909f56bfc062723c751e8b465ee728b)  -> (artifact id: 'a8f6a6364409bb825730badfa4effb34') in 0.228865 seconds 
  Import took 0.233793 seconds .

========================================================================
Received Import Request.
  Time since last request: 5.559831 seconds.
  path: Assets/Props/SecurityTable/securitytable.fbx
  artifactKey: Guid(dc6e4f85ee398264ab8108b9028259d9) Importer(815301076,1909f56bfc062723c751e8b465ee728b)
Start importing Assets/Props/SecurityTable/securitytable.fbx using Guid(dc6e4f85ee398264ab8108b9028259d9) Importer(815301076,1909f56bfc062723c751e8b465ee728b)  -> (artifact id: 'fd2632b5bc2c17d2e94ff8aa6d13f368') in 0.081452 seconds 
  Import took 0.085293 seconds .

========================================================================
Received Import Request.
  Time since last request: 57.996032 seconds.
  path: Assets/Props/SecurityTable/securitytable.fbx
  artifactKey: Guid(dc6e4f85ee398264ab8108b9028259d9) Importer(815301076,1909f56bfc062723c751e8b465ee728b)
Start importing Assets/Props/SecurityTable/securitytable.fbx using Guid(dc6e4f85ee398264ab8108b9028259d9) Importer(815301076,1909f56bfc062723c751e8b465ee728b)  -> (artifact id: 'af4e274ddd5ab348cb074ad892636372') in 0.059490 seconds 
  Import took 0.064499 seconds .

========================================================================
Received Import Request.
  Time since last request: 93.781250 seconds.
  path: Assets/Props/LightBulb/LightBulb.fbx
  artifactKey: Guid(b232a4486785f014aafefbde790f8c9e) Importer(815301076,1909f56bfc062723c751e8b465ee728b)
Start importing Assets/Props/LightBulb/LightBulb.fbx using Guid(b232a4486785f014aafefbde790f8c9e) Importer(815301076,1909f56bfc062723c751e8b465ee728b)  -> (artifact id: '73055e1f66f3bcae0e5d444fc7997975') in 0.063773 seconds 
  Import took 0.068236 seconds .

========================================================================
Received Import Request.
  Time since last request: 0.658878 seconds.
  path: Assets/Props/Locker/locker1.prefab
  artifactKey: Guid(d4a267fd2e4dd7341bdc2f3adcbf1b07) Importer(815301076,1909f56bfc062723c751e8b465ee728b)
Start importing Assets/Props/Locker/locker1.prefab using Guid(d4a267fd2e4dd7341bdc2f3adcbf1b07) Importer(815301076,1909f56bfc062723c751e8b465ee728b)  -> (artifact id: 'f75b26488ee931cac5dc6c280bd1b5b7') in 0.050466 seconds 
  Import took 0.054402 seconds .

========================================================================
Received Import Request.
  Time since last request: 8.396127 seconds.
  path: Assets/Props/SecurityTable
  artifactKey: Guid(ed6fcb3833f14f6449a8f3d5605b53e3) Importer(815301076,1909f56bfc062723c751e8b465ee728b)
Start importing Assets/Props/SecurityTable using Guid(ed6fcb3833f14f6449a8f3d5605b53e3) Importer(815301076,1909f56bfc062723c751e8b465ee728b)  -> (artifact id: 'c5133cbee1fa60b708054200e259e769') in 0.040764 seconds 
  Import took 0.044419 seconds .

========================================================================
Received Import Request.
  Time since last request: 6.556169 seconds.
  path: Assets/Props/SecurityTable/Material
  artifactKey: Guid(6a606bf1ad294bc4cb4f23ba7ef4cace) Importer(815301076,1909f56bfc062723c751e8b465ee728b)
Start importing Assets/Props/SecurityTable/Material using Guid(6a606bf1ad294bc4cb4f23ba7ef4cace) Importer(815301076,1909f56bfc062723c751e8b465ee728b)  -> (artifact id: '24be4198c98c2597169ba8b5988c5262') in 0.037315 seconds 
  Import took 0.041539 seconds .

========================================================================
Received Import Request.
  Time since last request: 116.319291 seconds.
  path: Assets/Props/SecurityTable/Texture
  artifactKey: Guid(529e3944841c79e46b1cc16467b1d4c3) Importer(815301076,1909f56bfc062723c751e8b465ee728b)
Start importing Assets/Props/SecurityTable/Texture using Guid(529e3944841c79e46b1cc16467b1d4c3) Importer(815301076,1909f56bfc062723c751e8b465ee728b)  -> (artifact id: 'de2afe623c274e8d2e01c5dfb418429f') in 0.037618 seconds 
  Import took 0.042119 seconds .

========================================================================
Received Import Request.
  Time since last request: 0.032244 seconds.
  path: Assets/Props/SecurityTable/Texture/Venttext.png
  artifactKey: Guid(741df72f501135342bb173623f3b18ff) Importer(815301076,1909f56bfc062723c751e8b465ee728b)
Start importing Assets/Props/SecurityTable/Texture/Venttext.png using Guid(741df72f501135342bb173623f3b18ff) Importer(815301076,1909f56bfc062723c751e8b465ee728b)  -> (artifact id: '8927692422f5ff00a2282ccfeccc9703') in 0.069010 seconds 
  Import took 0.072837 seconds .

========================================================================
Received Import Request.
  Time since last request: 16.033892 seconds.
  path: Assets/Props/SecurityTable/Material/Tablemat.mat
  artifactKey: Guid(5b6acb65b62bdfb4eb97b90b9183777a) Importer(815301076,1909f56bfc062723c751e8b465ee728b)
Start importing Assets/Props/SecurityTable/Material/Tablemat.mat using Guid(5b6acb65b62bdfb4eb97b90b9183777a) Importer(815301076,1909f56bfc062723c751e8b465ee728b)  -> (artifact id: '8e66ffb139fed75dda901b2155702c91') in 0.055404 seconds 
  Import took 0.059361 seconds .

========================================================================
Received Import Request.
  Time since last request: 909.432359 seconds.
  path: Assets/Props/SecurityTable/monitorOLDsecurity.fbx
  artifactKey: Guid(2a05f301c6b0cae45abcba7625651ab8) Importer(815301076,1909f56bfc062723c751e8b465ee728b)
Start importing Assets/Props/SecurityTable/monitorOLDsecurity.fbx using Guid(2a05f301c6b0cae45abcba7625651ab8) Importer(815301076,1909f56bfc062723c751e8b465ee728b)  -> (artifact id: 'd60b796688fd397ce13280d2f08c4874') in 0.074866 seconds 
  Import took 0.080373 seconds .

========================================================================
Received Import Request.
  Time since last request: 79.482036 seconds.
  path: Assets/Props/PCtower/pcTower (1).prefab
  artifactKey: Guid(d6b07d18c413bf14da6416d5665b7670) Importer(815301076,1909f56bfc062723c751e8b465ee728b)
Start importing Assets/Props/PCtower/pcTower (1).prefab using Guid(d6b07d18c413bf14da6416d5665b7670) Importer(815301076,1909f56bfc062723c751e8b465ee728b)  -> (artifact id: '616c6d6eacf002ea201589e3e2f6ea44') in 0.046795 seconds 
  Import took 0.051002 seconds .

========================================================================
Received Import Request.
  Time since last request: 2.129942 seconds.
  path: Assets/Props/Servers/server.fbx
  artifactKey: Guid(ba90ba145d2aa284f9e76548242b82e8) Importer(815301076,1909f56bfc062723c751e8b465ee728b)
Start importing Assets/Props/Servers/server.fbx using Guid(ba90ba145d2aa284f9e76548242b82e8) Importer(815301076,1909f56bfc062723c751e8b465ee728b)  -> (artifact id: '5faaf7bdedde38f578ad94ff4d8fa9a2') in 0.072676 seconds 
  Import took 0.076430 seconds .

========================================================================
Received Import Request.
  Time since last request: 0.000394 seconds.
  path: Assets/Props/Servers/server1.prefab
  artifactKey: Guid(50b3782d295dc0d4189c989787458fa7) Importer(815301076,1909f56bfc062723c751e8b465ee728b)
Start importing Assets/Props/Servers/server1.prefab using Guid(50b3782d295dc0d4189c989787458fa7) Importer(815301076,1909f56bfc062723c751e8b465ee728b)  -> (artifact id: 'ddf385f0cf739cd884136755dccd2f3b') in 0.051147 seconds 
  Import took 0.054914 seconds .

========================================================================
Received Import Request.
  Time since last request: 0.000356 seconds.
  path: Assets/Props/Servers/server3PC.prefab
  artifactKey: Guid(af54e7ecc256c844fbedc01d85a590b9) Importer(815301076,1909f56bfc062723c751e8b465ee728b)
Start importing Assets/Props/Servers/server3PC.prefab using Guid(af54e7ecc256c844fbedc01d85a590b9) Importer(815301076,1909f56bfc062723c751e8b465ee728b)  -> (artifact id: '0865e064356a59f3a84916df30909b5b') in 0.046715 seconds 
  Import took 0.050404 seconds .

========================================================================
Received Import Request.
  Time since last request: 0.000378 seconds.
  path: Assets/Props/Servers/server2.prefab
  artifactKey: Guid(04d573a3504a0c74b962d37733a313ea) Importer(815301076,1909f56bfc062723c751e8b465ee728b)
Start importing Assets/Props/Servers/server2.prefab using Guid(04d573a3504a0c74b962d37733a313ea) Importer(815301076,1909f56bfc062723c751e8b465ee728b)  -> (artifact id: '2e63ed5daa7f65b915e8277eb6c056d3') in 0.045792 seconds 
  Import took 0.049407 seconds .

========================================================================
Received Import Request.
  Time since last request: 3.884776 seconds.
  path: Assets/Props/Storage/shelves (1).prefab
  artifactKey: Guid(9cc1942d25a107e498b36277dd8d257b) Importer(815301076,1909f56bfc062723c751e8b465ee728b)
Start importing Assets/Props/Storage/shelves (1).prefab using Guid(9cc1942d25a107e498b36277dd8d257b) Importer(815301076,1909f56bfc062723c751e8b465ee728b)  -> (artifact id: '60566f526abd661f7a5afa34bf6926a1') in 0.046620 seconds 
  Import took 0.050784 seconds .

========================================================================
Received Import Request.
  Time since last request: 0.000416 seconds.
  path: Assets/Props/Storage/storageroom.prefab
  artifactKey: Guid(de6dfe4399419ca49a62184aa85ddd37) Importer(815301076,1909f56bfc062723c751e8b465ee728b)
Start importing Assets/Props/Storage/storageroom.prefab using Guid(de6dfe4399419ca49a62184aa85ddd37) Importer(815301076,1909f56bfc062723c751e8b465ee728b)  -> (artifact id: 'a1fe134ffdc5145346f41dacd44d149b') in 0.057498 seconds 
  Import took 0.061622 seconds .

========================================================================
Received Import Request.
  Time since last request: 33.910847 seconds.
  path: Assets/Props/Computer/Textures
  artifactKey: Guid(ca18eced08c0ab846bc3324392c95aa3) Importer(815301076,1909f56bfc062723c751e8b465ee728b)
Start importing Assets/Props/Computer/Textures using Guid(ca18eced08c0ab846bc3324392c95aa3) Importer(815301076,1909f56bfc062723c751e8b465ee728b)  -> (artifact id: '25794e2b21747a8a606dcbfa73374e37') in 0.037095 seconds 
  Import took 0.040745 seconds .

========================================================================
Received Import Request.
  Time since last request: 0.038825 seconds.
  path: Assets/Props/Computer/Textures/ComputerText.png
  artifactKey: Guid(70f4fff955fb2604492a7e2ad0fc2eb2) Importer(815301076,1909f56bfc062723c751e8b465ee728b)
Start importing Assets/Props/Computer/Textures/ComputerText.png using Guid(70f4fff955fb2604492a7e2ad0fc2eb2) Importer(815301076,1909f56bfc062723c751e8b465ee728b)  -> (artifact id: 'd35fd6dd24836bf98d14f608d08fc290') in 0.047194 seconds 
  Import took 0.051478 seconds .

========================================================================
Received Import Request.
  Time since last request: 47.486588 seconds.
  path: Assets/Props/SecurityTable/Material/OldPCText.mat
  artifactKey: Guid(9881febae40e63143b6ffb5816623422) Importer(815301076,1909f56bfc062723c751e8b465ee728b)
Start importing Assets/Props/SecurityTable/Material/OldPCText.mat using Guid(9881febae40e63143b6ffb5816623422) Importer(815301076,1909f56bfc062723c751e8b465ee728b)  -> (artifact id: 'da5beb7f6d13d51e7cde1b9135874bbd') in 0.047236 seconds 
  Import took 0.051247 seconds .

========================================================================
Received Import Request.
  Time since last request: 6.773455 seconds.
  path: Assets/Props/SecurityTable/Texture/ComputerText.png
  artifactKey: Guid(514dddefdff2666438916ac402e063fb) Importer(815301076,1909f56bfc062723c751e8b465ee728b)
Start importing Assets/Props/SecurityTable/Texture/ComputerText.png using Guid(514dddefdff2666438916ac402e063fb) Importer(815301076,1909f56bfc062723c751e8b465ee728b)  -> (artifact id: '38ea6bf6789eaf2fc1e12c6cf6327db0') in 0.041682 seconds 
  Import took 0.045514 seconds .

========================================================================
Received Import Request.
  Time since last request: 38.525840 seconds.
  path: Assets/Props/SecurityRoom/monitorOLDsecurity.prefab
  artifactKey: Guid(3595aa53c67cb9c47a695af530838eec) Importer(815301076,1909f56bfc062723c751e8b465ee728b)
Start importing Assets/Props/SecurityRoom/monitorOLDsecurity.prefab using Guid(3595aa53c67cb9c47a695af530838eec) Importer(815301076,1909f56bfc062723c751e8b465ee728b)  -> (artifact id: 'd993d8cfc0c66ba19b9a1d04f7527d4f') in 0.048670 seconds 
  Import took 0.052833 seconds .

========================================================================
Received Import Request.
  Time since last request: 0.001909 seconds.
  path: Assets/Props/SecurityRoom/monitorOLDsecurity.prefab
  artifactKey: Guid(3595aa53c67cb9c47a695af530838eec) Importer(815301076,1909f56bfc062723c751e8b465ee728b)
Start importing Assets/Props/SecurityRoom/monitorOLDsecurity.prefab using Guid(3595aa53c67cb9c47a695af530838eec) Importer(815301076,1909f56bfc062723c751e8b465ee728b)  -> (artifact id: 'd993d8cfc0c66ba19b9a1d04f7527d4f') in 0.047292 seconds 
  Import took 0.051140 seconds .

========================================================================
Received Import Request.
  Time since last request: 3.107272 seconds.
  path: Assets/Props/SecurityRoom/securitytable.prefab
  artifactKey: Guid(ad14212ffa5074b4db5ef8fab737696e) Importer(815301076,1909f56bfc062723c751e8b465ee728b)
Start importing Assets/Props/SecurityRoom/securitytable.prefab using Guid(ad14212ffa5074b4db5ef8fab737696e) Importer(815301076,1909f56bfc062723c751e8b465ee728b)  -> (artifact id: 'd9f2aab63e311cf2d4e3fdfb6d815dbb') in 0.048641 seconds 
  Import took 0.053081 seconds .

========================================================================
Received Import Request.
  Time since last request: 0.001262 seconds.
  path: Assets/Props/SecurityRoom/securitytable.prefab
  artifactKey: Guid(ad14212ffa5074b4db5ef8fab737696e) Importer(815301076,1909f56bfc062723c751e8b465ee728b)
Start importing Assets/Props/SecurityRoom/securitytable.prefab using Guid(ad14212ffa5074b4db5ef8fab737696e) Importer(815301076,1909f56bfc062723c751e8b465ee728b)  -> (artifact id: 'd9f2aab63e311cf2d4e3fdfb6d815dbb') in 0.047261 seconds 
  Import took 0.051921 seconds .

========================================================================
Received Import Request.
  Time since last request: 327.357115 seconds.
  path: Assets/Props/Chair/Chair.prefab
  artifactKey: Guid(a5297671df6ae6f4db7f3ebc9fbe511e) Importer(815301076,1909f56bfc062723c751e8b465ee728b)
Start importing Assets/Props/Chair/Chair.prefab using Guid(a5297671df6ae6f4db7f3ebc9fbe511e) Importer(815301076,1909f56bfc062723c751e8b465ee728b)  -> (artifact id: '71c1811afcbabe2b8f5d5d99d839a857') in 0.054282 seconds 
  Import took 0.059621 seconds .

========================================================================
Received Import Request.
  Time since last request: 0.007522 seconds.
  path: Assets/Props/Chair/Chair.prefab
  artifactKey: Guid(a5297671df6ae6f4db7f3ebc9fbe511e) Importer(815301076,1909f56bfc062723c751e8b465ee728b)
Start importing Assets/Props/Chair/Chair.prefab using Guid(a5297671df6ae6f4db7f3ebc9fbe511e) Importer(815301076,1909f56bfc062723c751e8b465ee728b)  -> (artifact id: '71c1811afcbabe2b8f5d5d99d839a857') in 0.046504 seconds 
  Import took 0.050751 seconds .

========================================================================
Received Import Request.
  Time since last request: 6.290696 seconds.
  path: Assets/Scenes/MarkussMeat.unity
  artifactKey: Guid(dfade388ae2894a49a1daff34720eb9f) Importer(815301076,1909f56bfc062723c751e8b465ee728b)
Start importing Assets/Scenes/MarkussMeat.unity using Guid(dfade388ae2894a49a1daff34720eb9f) Importer(815301076,1909f56bfc062723c751e8b465ee728b)  -> (artifact id: '589bb6d6ccdb4492252c0887f78e7f87') in 0.038595 seconds 
  Import took 0.042293 seconds .

========================================================================
Received Import Request.
  Time since last request: 5.031055 seconds.
  path: Assets/Props/Carboard/carcoard (6).prefab
  artifactKey: Guid(5c9b8ed93eaffbb46ae535e7178eca13) Importer(815301076,1909f56bfc062723c751e8b465ee728b)
Start importing Assets/Props/Carboard/carcoard (6).prefab using Guid(5c9b8ed93eaffbb46ae535e7178eca13) Importer(815301076,1909f56bfc062723c751e8b465ee728b)  -> (artifact id: '897228dc4fcf020e08e80c33118a4a2b') in 0.046460 seconds 
  Import took 0.050712 seconds .

========================================================================
Received Import Request.
  Time since last request: 32.388514 seconds.
  path: Assets/Props/Cabin/Cabin.fbx
  artifactKey: Guid(b41f0636138617646a77537f45d684f9) Importer(815301076,1909f56bfc062723c751e8b465ee728b)
Start importing Assets/Props/Cabin/Cabin.fbx using Guid(b41f0636138617646a77537f45d684f9) Importer(815301076,1909f56bfc062723c751e8b465ee728b)  -> (artifact id: '15ffda74cb4c3e241d9bd25d87edf29a') in 0.084913 seconds 
  Import took 0.089313 seconds .

========================================================================
Received Import Request.
  Time since last request: 75.358001 seconds.
  path: Assets/Scenes/MichalScene1.unity
  artifactKey: Guid(8cc94e87a663e7b49bdeb22d62d8aae6) Importer(815301076,1909f56bfc062723c751e8b465ee728b)
Start importing Assets/Scenes/MichalScene1.unity using Guid(8cc94e87a663e7b49bdeb22d62d8aae6) Importer(815301076,1909f56bfc062723c751e8b465ee728b)  -> (artifact id: 'aa03173a60a77e749784456079b0f599') in 0.041102 seconds 
  Import took 0.045303 seconds .

========================================================================
Received Import Request.
  Time since last request: 17.780522 seconds.
  path: Assets/Props/Clock/Clock.prefab
  artifactKey: Guid(b968e8493b0bbcb4b976bef495950c7c) Importer(815301076,1909f56bfc062723c751e8b465ee728b)
Start importing Assets/Props/Clock/Clock.prefab using Guid(b968e8493b0bbcb4b976bef495950c7c) Importer(815301076,1909f56bfc062723c751e8b465ee728b)  -> (artifact id: '49c18696345e475e7ed8742ae7f8dd2f') in 0.050116 seconds 
  Import took 0.054466 seconds .

========================================================================
Received Import Request.
  Time since last request: 6.671632 seconds.
  path: Assets/Scenes/MarkussMeat.unity
  artifactKey: Guid(dfade388ae2894a49a1daff34720eb9f) Importer(815301076,1909f56bfc062723c751e8b465ee728b)
Start importing Assets/Scenes/MarkussMeat.unity using Guid(dfade388ae2894a49a1daff34720eb9f) Importer(815301076,1909f56bfc062723c751e8b465ee728b)  -> (artifact id: '8efbd3217c15519c1aa2e72d34852f7e') in 0.037950 seconds 
  Import took 0.041575 seconds .

========================================================================
Received Import Request.
  Time since last request: 142.303027 seconds.
  path: Assets/Props/Locker/locker1 (1).prefab
  artifactKey: Guid(38aca9c48576731469193467490449e0) Importer(815301076,1909f56bfc062723c751e8b465ee728b)
Start importing Assets/Props/Locker/locker1 (1).prefab using Guid(38aca9c48576731469193467490449e0) Importer(815301076,1909f56bfc062723c751e8b465ee728b)  -> (artifact id: '97d00543e034bc977c1a49fa45e9af27') in 0.053804 seconds 
  Import took 0.058056 seconds .

========================================================================
Received Import Request.
  Time since last request: 7.373052 seconds.
  path: Assets/Scenes/MarkussMeat.unity
  artifactKey: Guid(dfade388ae2894a49a1daff34720eb9f) Importer(815301076,1909f56bfc062723c751e8b465ee728b)
Start importing Assets/Scenes/MarkussMeat.unity using Guid(dfade388ae2894a49a1daff34720eb9f) Importer(815301076,1909f56bfc062723c751e8b465ee728b)  -> (artifact id: '384f7e25abf5c7fd835a92c5e6974c30') in 0.037713 seconds 
  Import took 0.041756 seconds .

========================================================================
Received Import Request.
  Time since last request: 235.954737 seconds.
  path: Assets/Props/LightBulb/LightBulb.prefab
  artifactKey: Guid(c2084385177483f4ab613bbd80930ed6) Importer(815301076,1909f56bfc062723c751e8b465ee728b)
Start importing Assets/Props/LightBulb/LightBulb.prefab using Guid(c2084385177483f4ab613bbd80930ed6) Importer(815301076,1909f56bfc062723c751e8b465ee728b)  -> (artifact id: 'd0c66b060700a684c67c2767f39d4d2e') in 0.053716 seconds 
  Import took 0.058736 seconds .

========================================================================
Received Import Request.
  Time since last request: 92.269731 seconds.
  path: Assets/Props/Storage/model
  artifactKey: Guid(03ebd728d1303804887d70a93c80fc2c) Importer(815301076,1909f56bfc062723c751e8b465ee728b)
Start importing Assets/Props/Storage/model using Guid(03ebd728d1303804887d70a93c80fc2c) Importer(815301076,1909f56bfc062723c751e8b465ee728b)  -> (artifact id: 'c7cd86e44efe478f84798d6a411bee8f') in 0.037578 seconds 
  Import took 0.041326 seconds .

========================================================================
Received Import Request.
  Time since last request: 14.039251 seconds.
  path: Assets/Props/Arm/Arm.fbx
  artifactKey: Guid(d409bee2ab8f7dc43b5d81f296cede4a) Importer(815301076,1909f56bfc062723c751e8b465ee728b)
Start importing Assets/Props/Arm/Arm.fbx using Guid(d409bee2ab8f7dc43b5d81f296cede4a) Importer(815301076,1909f56bfc062723c751e8b465ee728b)  -> (artifact id: '297c9f14aa56797d5291eb2d3ee14feb') in 0.068090 seconds 
  Import took 0.072156 seconds .

========================================================================
Received Import Request.
  Time since last request: 1.531787 seconds.
  path: Assets/Props/Bins and Water Dispenser/Bins/bin backup.fbx
  artifactKey: Guid(14b0116cade04cb42bb1d12798cf661c) Importer(815301076,1909f56bfc062723c751e8b465ee728b)
Start importing Assets/Props/Bins and Water Dispenser/Bins/bin backup.fbx using Guid(14b0116cade04cb42bb1d12798cf661c) Importer(815301076,1909f56bfc062723c751e8b465ee728b)  -> (artifact id: '6bb24f4621f973d046b5033c635c734a') in 0.102935 seconds 
  Import took 0.107493 seconds .

========================================================================
Received Import Request.
  Time since last request: 0.000351 seconds.
  path: Assets/Props/Bins and Water Dispenser/Bins/metal bin.fbx
  artifactKey: Guid(ed97cd9f5770ae7469f2873f5974f1d0) Importer(815301076,1909f56bfc062723c751e8b465ee728b)
Start importing Assets/Props/Bins and Water Dispenser/Bins/metal bin.fbx using Guid(ed97cd9f5770ae7469f2873f5974f1d0) Importer(815301076,1909f56bfc062723c751e8b465ee728b)  -> (artifact id: '6f4c8d970bbf7b413d04f65bec9014ff') in 0.103266 seconds 
  Import took 0.107020 seconds .

========================================================================
Received Import Request.
  Time since last request: 0.000313 seconds.
  path: Assets/Props/Bins and Water Dispenser/Bins/small bin.fbx
  artifactKey: Guid(ebf0a44752059c947b6b557955bbad4c) Importer(815301076,1909f56bfc062723c751e8b465ee728b)
Start importing Assets/Props/Bins and Water Dispenser/Bins/small bin.fbx using Guid(ebf0a44752059c947b6b557955bbad4c) Importer(815301076,1909f56bfc062723c751e8b465ee728b)  -> (artifact id: '7b3bf993e160c54d3293de92a532e20b') in 0.082953 seconds 
  Import took 0.086616 seconds .

========================================================================
Received Import Request.
  Time since last request: 51.123103 seconds.
  path: Assets/Props/Bins and Water Dispenser/Bins/metal bin.prefab
  artifactKey: Guid(807fb549790dc2a4c8fe36312bca3df3) Importer(815301076,1909f56bfc062723c751e8b465ee728b)
Start importing Assets/Props/Bins and Water Dispenser/Bins/metal bin.prefab using Guid(807fb549790dc2a4c8fe36312bca3df3) Importer(815301076,1909f56bfc062723c751e8b465ee728b)  -> (artifact id: 'affb9335731735314d68750a2a6ecb9c') in 0.052321 seconds 
  Import took 0.056390 seconds .

========================================================================
Received Import Request.
  Time since last request: 42.670076 seconds.
  path: Assets/Door/doorcreek1.mp3
  artifactKey: Guid(83668d7c9ad7d954f9d7782eaa311943) Importer(815301076,1909f56bfc062723c751e8b465ee728b)
Start importing Assets/Door/doorcreek1.mp3 using Guid(83668d7c9ad7d954f9d7782eaa311943) Importer(815301076,1909f56bfc062723c751e8b465ee728b)  -> (artifact id: '1b1b10ce00c0cd656973e0b33476ee84') in 0.074875 seconds 
  Import took 0.078937 seconds .

========================================================================
Received Import Request.
  Time since last request: 0.000317 seconds.
  path: Assets/Door/doorcreek2.mp3
  artifactKey: Guid(4fde3142e10aedd42bfdb66f25b7f7c4) Importer(815301076,1909f56bfc062723c751e8b465ee728b)
Start importing Assets/Door/doorcreek2.mp3 using Guid(4fde3142e10aedd42bfdb66f25b7f7c4) Importer(815301076,1909f56bfc062723c751e8b465ee728b)  -> (artifact id: '8ce4ae1f2454b8fcfc10fc7bf28079d0') in 0.049216 seconds 
  Import took 0.052804 seconds .

========================================================================
Received Import Request.
  Time since last request: 0.000350 seconds.
  path: Assets/Door/DoorStep.prefab
  artifactKey: Guid(f1e5d7d6b93d2a743b9c9e914a76b56f) Importer(815301076,1909f56bfc062723c751e8b465ee728b)
Start importing Assets/Door/DoorStep.prefab using Guid(f1e5d7d6b93d2a743b9c9e914a76b56f) Importer(815301076,1909f56bfc062723c751e8b465ee728b)  -> (artifact id: '095827e8d837f038be2add84ec7f2221') in 0.044047 seconds 
  Import took 0.047981 seconds .

========================================================================
Received Import Request.
  Time since last request: 28.030894 seconds.
  path: Assets/Scenes/OfficeProp/LightingData.asset
  artifactKey: Guid(244205de403e1bd4686a6d870568db77) Importer(815301076,1909f56bfc062723c751e8b465ee728b)
Start importing Assets/Scenes/OfficeProp/LightingData.asset using Guid(244205de403e1bd4686a6d870568db77) Importer(815301076,1909f56bfc062723c751e8b465ee728b)  -> (artifact id: '67f7265391a5fbe33f76df40b604d917') in 0.069010 seconds 
  Import took 0.074400 seconds .

========================================================================
Received Import Request.
  Time since last request: 0.000342 seconds.
  path: Assets/Scenes/OfficeProp/ReflectionProbe-1.exr
  artifactKey: Guid(867a27fd4ea89a44ea173c1df630b69c) Importer(815301076,1909f56bfc062723c751e8b465ee728b)
Start importing Assets/Scenes/OfficeProp/ReflectionProbe-1.exr using Guid(867a27fd4ea89a44ea173c1df630b69c) Importer(815301076,1909f56bfc062723c751e8b465ee728b)  -> (artifact id: '82d0e056d430fc446067186d2bc6dfd9') in 0.069680 seconds 
  Import took 0.073420 seconds .

========================================================================
Received Import Request.
  Time since last request: 0.000399 seconds.
  path: Assets/Scenes/OfficeProp/ReflectionProbe-0.exr
  artifactKey: Guid(d3ea50d799ba6b543a824a691e5d4e9e) Importer(815301076,1909f56bfc062723c751e8b465ee728b)
Start importing Assets/Scenes/OfficeProp/ReflectionProbe-0.exr using Guid(d3ea50d799ba6b543a824a691e5d4e9e) Importer(815301076,1909f56bfc062723c751e8b465ee728b)  -> (artifact id: '1b337a401725bd58f320271ee4287378') in 0.054017 seconds 
  Import took 0.057557 seconds .

========================================================================
Received Import Request.
  Time since last request: 0.000313 seconds.
  path: Assets/Scenes/OfficeProp/NavMesh.asset
  artifactKey: Guid(fb90981fc9e31674b99ace9c8e2b750a) Importer(815301076,1909f56bfc062723c751e8b465ee728b)
Start importing Assets/Scenes/OfficeProp/NavMesh.asset using Guid(fb90981fc9e31674b99ace9c8e2b750a) Importer(815301076,1909f56bfc062723c751e8b465ee728b)  -> (artifact id: 'd28595639419a7abad13c5e3279a3b18') in 0.041228 seconds 
  Import took 0.044901 seconds .

========================================================================
Received Import Request.
  Time since last request: 77.396043 seconds.
  path: Assets/Props/Book/bookprefab.prefab
  artifactKey: Guid(2c95d34274ae31d4882a61348e47ca33) Importer(815301076,1909f56bfc062723c751e8b465ee728b)
Start importing Assets/Props/Book/bookprefab.prefab using Guid(2c95d34274ae31d4882a61348e47ca33) Importer(815301076,1909f56bfc062723c751e8b465ee728b)  -> (artifact id: '8e0c03d6429e3691b5892ad84dd2a8ba') in 0.050550 seconds 
  Import took 0.054729 seconds .

========================================================================
Received Import Request.
  Time since last request: 586.271479 seconds.
  path: Assets/Props/SecurityRoom/Security room.prefab
  artifactKey: Guid(7ab2f8419ac8895439ce38284e39b1b2) Importer(815301076,1909f56bfc062723c751e8b465ee728b)
Start importing Assets/Props/SecurityRoom/Security room.prefab using Guid(7ab2f8419ac8895439ce38284e39b1b2) Importer(815301076,1909f56bfc062723c751e8b465ee728b)  -> (artifact id: 'e678561f4044e45d885d01225cfecf19') in 0.078277 seconds 
  Import took 0.085189 seconds .

========================================================================
Received Import Request.
  Time since last request: 15.383551 seconds.
  path: Assets/Props/SecurityRoom/Security room.prefab
  artifactKey: Guid(7ab2f8419ac8895439ce38284e39b1b2) Importer(815301076,1909f56bfc062723c751e8b465ee728b)
Start importing Assets/Props/SecurityRoom/Security room.prefab using Guid(7ab2f8419ac8895439ce38284e39b1b2) Importer(815301076,1909f56bfc062723c751e8b465ee728b)  -> (artifact id: 'a9069f741c6b80d5fbdeed45cf225fde') in 0.076831 seconds 
  Import took 0.082585 seconds .

AssetImportWorkerClient::OnTransportError - code=2 error=End of file
